Starting job 280236 on b[3176,3246-3248] at Thu Jan 20 15:00:24 CET 2022

Copying pc1.out to /cluster/home/ambr/projects/peter/valinomycine_run
Copying *.hess to /cluster/home/ambr/projects/peter/valinomycine_run
rsync: link_stat "/cluster/work/jobs/280236/*.hess" failed: No such file or directory (2)
rsync error: some files/attrs were not transferred (see previous errors) (code 23) at main.c(1178) [sender=3.1.2]
Copying pc1.gbw to /cluster/home/ambr/projects/peter/valinomycine_run
Copying valinomycine.xyz to /cluster/home/ambr/projects/peter/valinomycine_run

Task and CPU usage stats:
       JobID    JobName  AllocCPUS   NTasks     MinCPU MinCPUTask     AveCPU    Elapsed ExitCode 
------------ ---------- ---------- -------- ---------- ---------- ---------- ---------- -------- 
280236              pc1        512                                             00:06:45      0:0 
280236.batch      batch        128        1   03:17:07          0   03:17:07   00:06:45      0:0 
280236.exte+     extern        512        4   00:00:00          3   00:00:00   00:06:45      0:0 
280236.0          orted        384        3   00:00:00          2   00:00:00   00:00:06      0:0 
280236.1          orted        384        3   03:07:40          0   03:13:49   00:06:29      0:0 
280236.2          orted        384        3   00:00:00          0   00:00:00   00:00:03      0:0 

Memory usage stats:
       JobID     MaxRSS MaxRSSTask     AveRSS MaxPages   MaxPagesTask   AvePages 
------------ ---------- ---------- ---------- -------- -------------- ---------- 
280236                                                                           
280236.batch  13895509K          0  13895509K        0              0          0 
280236.exte+       835K          2    831.50K        1              3          1 
280236.0          1087K          0    1111722        0              2          0 
280236.1      13843215K          1  13794479K        0              2          0 
280236.2          1085K          0    1110357        0              0          0 

Disk usage stats:
       JobID  MaxDiskRead MaxDiskReadTask    AveDiskRead MaxDiskWrite MaxDiskWriteTask   AveDiskWrite 
------------ ------------ --------------- -------------- ------------ ---------------- -------------- 
280236                                                                                                
280236.batch    14591.90M               0      14591.90M     2291.75M                0       2291.75M 
280236.exte+        0.00M               3          0.00M            0                3              0 
280236.0                0               2              0            0                2              0 
280236.1        12312.12M               0      12311.42M      270.11M                0        269.41M 
280236.2                0               0              0            0                0              0 

Job 280236 completed at Thu Jan 20 15:07:08 CET 2022
